<?xml version="1.0" encoding="UTF-8"?>
<!-- Generated by org.testng.reporters.JUnitReportReporter -->
<testsuite hostname="DESKTOP-7C4J88S" failures="0" tests="1" name="utility.Utilities" time="0.136" errors="0" timestamp="2024-12-31T20:30:21 IST" skipped="0">
  <testcase classname="utility.Utilities" name="date" time="0.136"/>
</testsuite> <!-- utility.Utilities -->
